0 info it worked if it ends with ok
1 verbose cli [ '/home/helloiampau/.nvm/v0.10.36/bin/node',
1 verbose cli   '/home/helloiampau/.nvm/v0.10.36/bin/npm',
1 verbose cli   'run',
1 verbose cli   'test' ]
2 info using npm@1.4.28
3 info using node@v0.10.36
4 verbose run-script [ 'pretest', 'test', 'posttest' ]
5 info pretest androclick-server@0.0.0
6 info test androclick-server@0.0.0
7 verbose unsafe-perm in lifecycle true
8 info androclick-server@0.0.0 Failed to exec test script
9 error androclick-server@0.0.0 test: `grunt test`
9 error Exit status 3
10 error Failed at the androclick-server@0.0.0 test script.
10 error This is most likely a problem with the androclick-server package,
10 error not with npm itself.
10 error Tell the author that this fails on your system:
10 error     grunt test
10 error You can get their info via:
10 error     npm owner ls androclick-server
10 error There is likely additional logging output above.
11 error System Linux 3.16.0-33-generic
12 error command "/home/helloiampau/.nvm/v0.10.36/bin/node" "/home/helloiampau/.nvm/v0.10.36/bin/npm" "run" "test"
13 error cwd /home/helloiampau/Develop/tinybox/androclick-server
14 error node -v v0.10.36
15 error npm -v 1.4.28
16 error code ELIFECYCLE
17 verbose exit [ 1, true ]
